<?xml version="1.0" encoding="UTF-8"?>
<testsuite name="plural.PluralTest" tests="7" skipped="0" failures="0" errors="0" timestamp="2022-08-05T13:05:57" hostname="LAPTOP-9L9VQ1E2" time="0.109">
  <properties/>
  <testcase name="if_number_is_one_returns_false()" classname="plural.PluralTest" time="0.053"/>
  <testcase name="[1] 2, true" classname="plural.PluralTest" time="0.017"/>
  <testcase name="[2] 3.4, true" classname="plural.PluralTest" time="0.001"/>
  <testcase name="[3] 7, true" classname="plural.PluralTest" time="0.001"/>
  <testcase name="[4] 20, true" classname="plural.PluralTest" time="0.001"/>
  <testcase name="[5] 55.5, true" classname="plural.PluralTest" time="0.001"/>
  <testcase name="if_number_is_zero_returns_false()" classname="plural.PluralTest" time="0.0"/>
  <system-out><![CDATA[]]></system-out>
  <system-err><![CDATA[]]></system-err>
</testsuite>
